<?xml version="1.0" encoding="UTF-8"?>
<!-- Generated by org.testng.reporters.JUnitReportReporter -->
<testsuite hostname="LAPTOP-GTNSAQQI" failures="0" tests="1" name="com.testcases.Signup_test" time="36.554" errors="0" timestamp="2024-01-12T10:59:33 IST" skipped="0">
  <testcase classname="com.testcases.Signup_test" name="signup_navigate_to_sign_in_page_when_clicks_on_sign_in_button" time="36.554"/>
  <system-out/>
</testsuite> <!-- com.testcases.Signup_test -->
