<?xml version="1.0" encoding="UTF-8"?>
<!-- Generated by org.testng.reporters.JUnitReportReporter -->
<testsuite hostname="LAPTOP-GTNSAQQI" failures="0" tests="1" name="com.testcases.Sinup_invalidData_test" time="8.686" errors="0" timestamp="2024-01-10T20:20:27 IST" skipped="0">
  <testcase classname="com.testcases.Sinup_invalidData_test" name="signupvalidation" time="8.686"/>
  <system-out/>
</testsuite> <!-- com.testcases.Sinup_invalidData_test -->
