<?xml version="1.0" encoding="UTF-8"?>
<!-- Generated by org.testng.reporters.JUnitReportReporter -->
<testsuite hostname="LAPTOP-GTNSAQQI" failures="0" tests="1" name="com.testcases.Signup_without_agreeing_the_checkbox_test" time="13.894" errors="0" timestamp="2024-01-11T10:21:55 IST" skipped="0">
  <testcase classname="com.testcases.Signup_without_agreeing_the_checkbox_test" name="signupvalidation" time="13.894"/>
  <system-out/>
</testsuite> <!-- com.testcases.Signup_without_agreeing_the_checkbox_test -->
