<?xml version="1.0" encoding="UTF-8"?>
<!-- Generated by org.testng.reporters.JUnitReportReporter -->
<testsuite hostname="LAPTOP-GTNSAQQI" failures="0" tests="3" name="com.testcases.search_Test" time="85.525" errors="0" timestamp="2024-01-15T12:02:32 IST" skipped="0">
  <testcase classname="com.testcases.search_Test" name="search_the_product_and_able_to_see_the_related_matches" time="33.358"/>
  <system-out/>
  <testcase classname="com.testcases.search_Test" name="without_providing_data_user_clicks_on_search_button" time="25.178"/>
  <system-out/>
  <testcase classname="com.testcases.search_Test" name="invalid_data_in_search_field" time="26.989"/>
  <system-out/>
</testsuite> <!-- com.testcases.search_Test -->
