<?xml version="1.0" encoding="UTF-8"?>
<!-- Generated by org.testng.reporters.JUnitReportReporter -->
<testsuite hostname="LAPTOP-GTNSAQQI" failures="0" tests="1" name="com.testcases.Signup_leave_mandatory_field_test" time="7.081" errors="0" timestamp="2024-01-10T20:29:46 IST" skipped="0">
  <testcase classname="com.testcases.Signup_leave_mandatory_field_test" name="signupvalidation" time="7.081"/>
  <system-out/>
</testsuite> <!-- com.testcases.Signup_leave_mandatory_field_test -->
