<?xml version="1.0" encoding="UTF-8"?>
<!-- Generated by org.testng.reporters.JUnitReportReporter -->
<testsuite hostname="LAPTOP-GTNSAQQI" failures="0" tests="1" name="com.testcases.Signup_test" time="31.026" errors="0" timestamp="2024-01-09T16:16:05 IST" skipped="0">
  <testcase classname="com.testcases.Signup_test" name="signupvalidation" time="31.026"/>
</testsuite> <!-- com.testcases.Signup_test -->
